2025-05-23 00:05:53: npm error code ENOENT
2025-05-23 00:05:53: npm error syscall open
2025-05-23 00:05:53: npm error path /mnt/frontend/package.json
2025-05-23 00:05:53: npm error errno -2
2025-05-23 00:05:53: npm error enoent Could not read package.json: Error: ENOENT: no such file or directory, open '/mnt/frontend/package.json'
2025-05-23 00:05:53: npm error enoent This is related to npm not being able to find a file.
2025-05-23 00:05:53: npm error enoent
2025-05-23 00:05:53: npm error A complete log of this run can be found in: /root/.npm/_logs/2025-05-22T16_05_53_206Z-debug-0.log
2025-05-23 00:05:56: npm error code ENOENT
2025-05-23 00:05:56: npm error syscall open
2025-05-23 00:05:56: npm error path /mnt/frontend/package.json
2025-05-23 00:05:56: npm error errno -2
2025-05-23 00:05:56: npm error enoent Could not read package.json: Error: ENOENT: no such file or directory, open '/mnt/frontend/package.json'
2025-05-23 00:05:56: npm error enoent This is related to npm not being able to find a file.
2025-05-23 00:05:56: npm error enoent
2025-05-23 00:05:56: npm error A complete log of this run can be found in: /root/.npm/_logs/2025-05-22T16_05_56_362Z-debug-0.log
2025-05-23 00:05:59: npm error code ENOENT
2025-05-23 00:05:59: npm error syscall open
2025-05-23 00:05:59: npm error path /mnt/frontend/package.json
2025-05-23 00:05:59: npm error errno -2
2025-05-23 00:05:59: npm error enoent Could not read package.json: Error: ENOENT: no such file or directory, open '/mnt/frontend/package.json'
2025-05-23 00:05:59: npm error enoent This is related to npm not being able to find a file.
2025-05-23 00:05:59: npm error enoent
2025-05-23 00:05:59: npm error A complete log of this run can be found in: /root/.npm/_logs/2025-05-22T16_05_59_517Z-debug-0.log
2025-05-23 00:06:02: npm error code ENOENT
2025-05-23 00:06:02: npm error syscall open
2025-05-23 00:06:02: npm error path /mnt/frontend/package.json
2025-05-23 00:06:02: npm error errno -2
2025-05-23 00:06:02: npm error enoent Could not read package.json: Error: ENOENT: no such file or directory, open '/mnt/frontend/package.json'
2025-05-23 00:06:02: npm error enoent This is related to npm not being able to find a file.
2025-05-23 00:06:02: npm error enoent
2025-05-23 00:06:02: npm error A complete log of this run can be found in: /root/.npm/_logs/2025-05-22T16_06_02_670Z-debug-0.log
2025-05-23 00:06:05: npm error code ENOENT
2025-05-23 00:06:05: npm error syscall open
2025-05-23 00:06:05: npm error path /mnt/frontend/package.json
2025-05-23 00:06:05: npm error errno -2
2025-05-23 00:06:05: npm error enoent Could not read package.json: Error: ENOENT: no such file or directory, open '/mnt/frontend/package.json'
2025-05-23 00:06:05: npm error enoent This is related to npm not being able to find a file.
2025-05-23 00:06:05: npm error enoent
2025-05-23 00:06:05: npm error A complete log of this run can be found in: /root/.npm/_logs/2025-05-22T16_06_05_820Z-debug-0.log
2025-05-23 00:06:09: npm error code ENOENT
2025-05-23 00:06:09: npm error syscall open
2025-05-23 00:06:09: npm error path /mnt/frontend/package.json
2025-05-23 00:06:09: npm error errno -2
2025-05-23 00:06:09: npm error enoent Could not read package.json: Error: ENOENT: no such file or directory, open '/mnt/frontend/package.json'
2025-05-23 00:06:09: npm error enoent This is related to npm not being able to find a file.
2025-05-23 00:06:09: npm error enoent
2025-05-23 00:06:09: npm error A complete log of this run can be found in: /root/.npm/_logs/2025-05-22T16_06_08_974Z-debug-0.log
2025-05-23 00:06:12: npm error code ENOENT
2025-05-23 00:06:12: npm error syscall open
2025-05-23 00:06:12: npm error path /mnt/frontend/package.json
2025-05-23 00:06:12: npm error errno -2
2025-05-23 00:06:12: npm error enoent Could not read package.json: Error: ENOENT: no such file or directory, open '/mnt/frontend/package.json'
2025-05-23 00:06:12: npm error enoent This is related to npm not being able to find a file.
2025-05-23 00:06:12: npm error enoent
2025-05-23 00:06:12: npm error A complete log of this run can be found in: /root/.npm/_logs/2025-05-22T16_06_12_126Z-debug-0.log
2025-05-23 00:06:15: npm error code ENOENT
2025-05-23 00:06:15: npm error syscall open
2025-05-23 00:06:15: npm error path /mnt/frontend/package.json
2025-05-23 00:06:15: npm error errno -2
2025-05-23 00:06:15: npm error enoent Could not read package.json: Error: ENOENT: no such file or directory, open '/mnt/frontend/package.json'
2025-05-23 00:06:15: npm error enoent This is related to npm not being able to find a file.
2025-05-23 00:06:15: npm error enoent
2025-05-23 00:06:15: npm error A complete log of this run can be found in: /root/.npm/_logs/2025-05-22T16_06_15_279Z-debug-0.log
2025-05-23 00:06:18: npm error code ENOENT
2025-05-23 00:06:18: npm error syscall open
2025-05-23 00:06:18: npm error path /mnt/frontend/package.json
2025-05-23 00:06:18: npm error errno -2
2025-05-23 00:06:18: npm error enoent Could not read package.json: Error: ENOENT: no such file or directory, open '/mnt/frontend/package.json'
2025-05-23 00:06:18: npm error enoent This is related to npm not being able to find a file.
2025-05-23 00:06:18: npm error enoent
2025-05-23 00:06:18: npm error A complete log of this run can be found in: /root/.npm/_logs/2025-05-22T16_06_18_431Z-debug-0.log
2025-05-23 00:06:21: npm error code ENOENT
2025-05-23 00:06:21: npm error syscall open
2025-05-23 00:06:21: npm error path /mnt/frontend/package.json
2025-05-23 00:06:21: npm error errno -2
2025-05-23 00:06:21: npm error enoent Could not read package.json: Error: ENOENT: no such file or directory, open '/mnt/frontend/package.json'
2025-05-23 00:06:21: npm error enoent This is related to npm not being able to find a file.
2025-05-23 00:06:21: npm error enoent
2025-05-23 00:06:21: npm error A complete log of this run can be found in: /root/.npm/_logs/2025-05-22T16_06_21_584Z-debug-0.log
2025-05-23 00:06:24: npm error code ENOENT
2025-05-23 00:06:24: npm error syscall open
2025-05-23 00:06:24: npm error path /mnt/frontend/package.json
2025-05-23 00:06:24: npm error errno -2
2025-05-23 00:06:24: npm error enoent Could not read package.json: Error: ENOENT: no such file or directory, open '/mnt/frontend/package.json'
2025-05-23 00:06:24: npm error enoent This is related to npm not being able to find a file.
2025-05-23 00:06:24: npm error enoent
2025-05-23 00:06:24: npm error A complete log of this run can be found in: /root/.npm/_logs/2025-05-22T16_06_24_737Z-debug-0.log
2025-05-23 00:06:27: npm error code ENOENT
2025-05-23 00:06:27: npm error syscall open
2025-05-23 00:06:27: npm error path /mnt/frontend/package.json
2025-05-23 00:06:27: npm error errno -2
2025-05-23 00:06:27: npm error enoent Could not read package.json: Error: ENOENT: no such file or directory, open '/mnt/frontend/package.json'
2025-05-23 00:06:27: npm error enoent This is related to npm not being able to find a file.
2025-05-23 00:06:27: npm error enoent
2025-05-23 00:06:27: npm error A complete log of this run can be found in: /root/.npm/_logs/2025-05-22T16_06_27_889Z-debug-0.log
2025-05-23 00:06:31: npm error code ENOENT
2025-05-23 00:06:31: npm error syscall open
2025-05-23 00:06:31: npm error path /mnt/frontend/package.json
2025-05-23 00:06:31: npm error errno -2
2025-05-23 00:06:31: npm error enoent Could not read package.json: Error: ENOENT: no such file or directory, open '/mnt/frontend/package.json'
2025-05-23 00:06:31: npm error enoent This is related to npm not being able to find a file.
2025-05-23 00:06:31: npm error enoent
2025-05-23 00:06:31: npm error A complete log of this run can be found in: /root/.npm/_logs/2025-05-22T16_06_31_042Z-debug-0.log
2025-05-23 00:06:34: npm error code ENOENT
2025-05-23 00:06:34: npm error syscall open
2025-05-23 00:06:34: npm error path /mnt/frontend/package.json
2025-05-23 00:06:34: npm error errno -2
2025-05-23 00:06:34: npm error enoent Could not read package.json: Error: ENOENT: no such file or directory, open '/mnt/frontend/package.json'
2025-05-23 00:06:34: npm error enoent This is related to npm not being able to find a file.
2025-05-23 00:06:34: npm error enoent
2025-05-23 00:06:34: npm error A complete log of this run can be found in: /root/.npm/_logs/2025-05-22T16_06_34_197Z-debug-0.log
2025-05-23 00:06:37: npm error code ENOENT
2025-05-23 00:06:37: npm error syscall open
2025-05-23 00:06:37: npm error path /mnt/frontend/package.json
2025-05-23 00:06:37: npm error errno -2
2025-05-23 00:06:37: npm error enoent Could not read package.json: Error: ENOENT: no such file or directory, open '/mnt/frontend/package.json'
2025-05-23 00:06:37: npm error enoent This is related to npm not being able to find a file.
2025-05-23 00:06:37: npm error enoent
2025-05-23 00:06:37: npm error A complete log of this run can be found in: /root/.npm/_logs/2025-05-22T16_06_37_352Z-debug-0.log
2025-05-23 00:06:40: npm error code ENOENT
2025-05-23 00:06:40: npm error syscall open
2025-05-23 00:06:40: npm error path /mnt/frontend/package.json
2025-05-23 00:06:40: npm error errno -2
2025-05-23 00:06:40: npm error enoent Could not read package.json: Error: ENOENT: no such file or directory, open '/mnt/frontend/package.json'
2025-05-23 00:06:40: npm error enoent This is related to npm not being able to find a file.
2025-05-23 00:06:40: npm error enoent
2025-05-23 00:06:40: npm error A complete log of this run can be found in: /root/.npm/_logs/2025-05-22T16_06_40_508Z-debug-0.log
2025-05-23 00:06:43: npm error code ENOENT
2025-05-23 00:06:43: npm error syscall open
2025-05-23 00:06:43: npm error path /mnt/frontend/package.json
2025-05-23 00:06:43: npm error errno -2
2025-05-23 00:06:43: npm error enoent Could not read package.json: Error: ENOENT: no such file or directory, open '/mnt/frontend/package.json'
2025-05-23 00:06:43: npm error enoent This is related to npm not being able to find a file.
2025-05-23 00:06:43: npm error enoent
2025-05-23 00:06:43: npm error A complete log of this run can be found in: /root/.npm/_logs/2025-05-22T16_06_43_663Z-debug-0.log
2025-05-23 00:06:46: npm error code ENOENT
2025-05-23 00:06:46: npm error syscall open
2025-05-23 00:06:46: npm error path /mnt/frontend/package.json
2025-05-23 00:06:46: npm error errno -2
2025-05-23 00:06:46: npm error enoent Could not read package.json: Error: ENOENT: no such file or directory, open '/mnt/frontend/package.json'
2025-05-23 00:06:46: npm error enoent This is related to npm not being able to find a file.
2025-05-23 00:06:46: npm error enoent
2025-05-23 00:06:46: npm error A complete log of this run can be found in: /root/.npm/_logs/2025-05-22T16_06_46_817Z-debug-0.log
2025-05-23 00:06:50: npm error code ENOENT
2025-05-23 00:06:50: npm error syscall open
2025-05-23 00:06:50: npm error path /mnt/frontend/package.json
2025-05-23 00:06:50: npm error errno -2
2025-05-23 00:06:50: npm error enoent Could not read package.json: Error: ENOENT: no such file or directory, open '/mnt/frontend/package.json'
2025-05-23 00:06:50: npm error enoent This is related to npm not being able to find a file.
2025-05-23 00:06:50: npm error enoent
2025-05-23 00:06:50: npm error A complete log of this run can be found in: /root/.npm/_logs/2025-05-22T16_06_49_970Z-debug-0.log
2025-05-23 00:06:53: npm error code ENOENT
2025-05-23 00:06:53: npm error syscall open
2025-05-23 00:06:53: npm error path /mnt/frontend/package.json
2025-05-23 00:06:53: npm error errno -2
2025-05-23 00:06:53: npm error enoent Could not read package.json: Error: ENOENT: no such file or directory, open '/mnt/frontend/package.json'
2025-05-23 00:06:53: npm error enoent This is related to npm not being able to find a file.
2025-05-23 00:06:53: npm error enoent
2025-05-23 00:06:53: npm error A complete log of this run can be found in: /root/.npm/_logs/2025-05-22T16_06_53_122Z-debug-0.log
2025-05-23 00:06:56: npm error code ENOENT
2025-05-23 00:06:56: npm error syscall open
2025-05-23 00:06:56: npm error path /mnt/frontend/package.json
2025-05-23 00:06:56: npm error errno -2
2025-05-23 00:06:56: npm error enoent Could not read package.json: Error: ENOENT: no such file or directory, open '/mnt/frontend/package.json'
2025-05-23 00:06:56: npm error enoent This is related to npm not being able to find a file.
2025-05-23 00:06:56: npm error enoent
2025-05-23 00:06:56: npm error A complete log of this run can be found in: /root/.npm/_logs/2025-05-22T16_06_56_273Z-debug-0.log
2025-05-23 00:06:59: npm error code ENOENT
2025-05-23 00:06:59: npm error syscall open
2025-05-23 00:06:59: npm error path /mnt/frontend/package.json
2025-05-23 00:06:59: npm error errno -2
2025-05-23 00:06:59: npm error enoent Could not read package.json: Error: ENOENT: no such file or directory, open '/mnt/frontend/package.json'
2025-05-23 00:06:59: npm error enoent This is related to npm not being able to find a file.
2025-05-23 00:06:59: npm error enoent
2025-05-23 00:06:59: npm error A complete log of this run can be found in: /root/.npm/_logs/2025-05-22T16_06_59_425Z-debug-0.log
2025-05-23 00:07:02: npm error code ENOENT
2025-05-23 00:07:02: npm error syscall open
2025-05-23 00:07:02: npm error path /mnt/frontend/package.json
2025-05-23 00:07:02: npm error errno -2
2025-05-23 00:07:02: npm error enoent Could not read package.json: Error: ENOENT: no such file or directory, open '/mnt/frontend/package.json'
2025-05-23 00:07:02: npm error enoent This is related to npm not being able to find a file.
2025-05-23 00:07:02: npm error enoent
2025-05-23 00:07:02: npm error A complete log of this run can be found in: /root/.npm/_logs/2025-05-22T16_07_02_579Z-debug-0.log
2025-05-23 00:07:05: npm error code ENOENT
2025-05-23 00:07:05: npm error syscall open
2025-05-23 00:07:05: npm error path /mnt/frontend/package.json
2025-05-23 00:07:05: npm error errno -2
2025-05-23 00:07:05: npm error enoent Could not read package.json: Error: ENOENT: no such file or directory, open '/mnt/frontend/package.json'
2025-05-23 00:07:05: npm error enoent This is related to npm not being able to find a file.
2025-05-23 00:07:05: npm error enoent
2025-05-23 00:07:05: npm error A complete log of this run can be found in: /root/.npm/_logs/2025-05-22T16_07_05_730Z-debug-0.log
2025-05-23 00:07:08: npm error code ENOENT
2025-05-23 00:07:08: npm error syscall open
2025-05-23 00:07:08: npm error path /mnt/frontend/package.json
2025-05-23 00:07:08: npm error errno -2
2025-05-23 00:07:08: npm error enoent Could not read package.json: Error: ENOENT: no such file or directory, open '/mnt/frontend/package.json'
2025-05-23 00:07:08: npm error enoent This is related to npm not being able to find a file.
2025-05-23 00:07:08: npm error enoent
2025-05-23 00:07:08: npm error A complete log of this run can be found in: /root/.npm/_logs/2025-05-22T16_07_08_882Z-debug-0.log
2025-05-23 00:07:12: npm error code ENOENT
2025-05-23 00:07:12: npm error syscall open
2025-05-23 00:07:12: npm error path /mnt/frontend/package.json
2025-05-23 00:07:12: npm error errno -2
2025-05-23 00:07:12: npm error enoent Could not read package.json: Error: ENOENT: no such file or directory, open '/mnt/frontend/package.json'
2025-05-23 00:07:12: npm error enoent This is related to npm not being able to find a file.
2025-05-23 00:07:12: npm error enoent
2025-05-23 00:07:12: npm error A complete log of this run can be found in: /root/.npm/_logs/2025-05-22T16_07_12_033Z-debug-0.log
2025-05-23 00:07:15: npm error code ENOENT
2025-05-23 00:07:15: npm error syscall open
2025-05-23 00:07:15: npm error path /mnt/frontend/package.json
2025-05-23 00:07:15: npm error errno -2
2025-05-23 00:07:15: npm error enoent Could not read package.json: Error: ENOENT: no such file or directory, open '/mnt/frontend/package.json'
2025-05-23 00:07:15: npm error enoent This is related to npm not being able to find a file.
2025-05-23 00:07:15: npm error enoent
2025-05-23 00:07:15: npm error A complete log of this run can be found in: /root/.npm/_logs/2025-05-22T16_07_15_183Z-debug-0.log
2025-05-23 00:07:18: npm error code ENOENT
2025-05-23 00:07:18: npm error syscall open
2025-05-23 00:07:18: npm error path /mnt/frontend/package.json
2025-05-23 00:07:18: npm error errno -2
2025-05-23 00:07:18: npm error enoent Could not read package.json: Error: ENOENT: no such file or directory, open '/mnt/frontend/package.json'
2025-05-23 00:07:18: npm error enoent This is related to npm not being able to find a file.
2025-05-23 00:07:18: npm error enoent
2025-05-23 00:07:18: npm error A complete log of this run can be found in: /root/.npm/_logs/2025-05-22T16_07_18_335Z-debug-0.log
2025-05-23 00:07:21: npm error code ENOENT
2025-05-23 00:07:21: npm error syscall open
2025-05-23 00:07:21: npm error path /mnt/frontend/package.json
2025-05-23 00:07:21: npm error errno -2
2025-05-23 00:07:21: npm error enoent Could not read package.json: Error: ENOENT: no such file or directory, open '/mnt/frontend/package.json'
2025-05-23 00:07:21: npm error enoent This is related to npm not being able to find a file.
2025-05-23 00:07:21: npm error enoent
2025-05-23 00:07:21: npm error A complete log of this run can be found in: /root/.npm/_logs/2025-05-22T16_07_21_484Z-debug-0.log
2025-05-23 00:07:24: npm error code ENOENT
2025-05-23 00:07:24: npm error syscall open
2025-05-23 00:07:24: npm error path /mnt/frontend/package.json
2025-05-23 00:07:24: npm error errno -2
2025-05-23 00:07:24: npm error enoent Could not read package.json: Error: ENOENT: no such file or directory, open '/mnt/frontend/package.json'
2025-05-23 00:07:24: npm error enoent This is related to npm not being able to find a file.
2025-05-23 00:07:24: npm error enoent
2025-05-23 00:07:24: npm error A complete log of this run can be found in: /root/.npm/_logs/2025-05-22T16_07_24_637Z-debug-0.log
2025-05-23 00:07:27: npm error code ENOENT
2025-05-23 00:07:27: npm error syscall open
2025-05-23 00:07:27: npm error path /mnt/frontend/package.json
2025-05-23 00:07:27: npm error errno -2
2025-05-23 00:07:27: npm error enoent Could not read package.json: Error: ENOENT: no such file or directory, open '/mnt/frontend/package.json'
2025-05-23 00:07:27: npm error enoent This is related to npm not being able to find a file.
2025-05-23 00:07:27: npm error enoent
2025-05-23 00:07:27: npm error A complete log of this run can be found in: /root/.npm/_logs/2025-05-22T16_07_27_792Z-debug-0.log
2025-05-23 00:07:30: npm error code ENOENT
2025-05-23 00:07:30: npm error syscall open
2025-05-23 00:07:30: npm error path /mnt/frontend/package.json
2025-05-23 00:07:30: npm error errno -2
2025-05-23 00:07:30: npm error enoent Could not read package.json: Error: ENOENT: no such file or directory, open '/mnt/frontend/package.json'
2025-05-23 00:07:30: npm error enoent This is related to npm not being able to find a file.
2025-05-23 00:07:30: npm error enoent
2025-05-23 00:07:30: npm error A complete log of this run can be found in: /root/.npm/_logs/2025-05-22T16_07_30_945Z-debug-0.log
2025-05-23 00:07:34: npm error code ENOENT
2025-05-23 00:07:34: npm error syscall open
2025-05-23 00:07:34: npm error path /mnt/frontend/package.json
2025-05-23 00:07:34: npm error errno -2
2025-05-23 00:07:34: npm error enoent Could not read package.json: Error: ENOENT: no such file or directory, open '/mnt/frontend/package.json'
2025-05-23 00:07:34: npm error enoent This is related to npm not being able to find a file.
2025-05-23 00:07:34: npm error enoent
2025-05-23 00:07:34: npm error A complete log of this run can be found in: /root/.npm/_logs/2025-05-22T16_07_34_098Z-debug-0.log
2025-05-23 00:07:37: npm error code ENOENT
2025-05-23 00:07:37: npm error syscall open
2025-05-23 00:07:37: npm error path /mnt/frontend/package.json
2025-05-23 00:07:37: npm error errno -2
2025-05-23 00:07:37: npm error enoent Could not read package.json: Error: ENOENT: no such file or directory, open '/mnt/frontend/package.json'
2025-05-23 00:07:37: npm error enoent This is related to npm not being able to find a file.
2025-05-23 00:07:37: npm error enoent
2025-05-23 00:07:37: npm error A complete log of this run can be found in: /root/.npm/_logs/2025-05-22T16_07_37_251Z-debug-0.log
2025-05-23 00:07:40: npm error code ENOENT
2025-05-23 00:07:40: npm error syscall open
2025-05-23 00:07:40: npm error path /mnt/frontend/package.json
2025-05-23 00:07:40: npm error errno -2
2025-05-23 00:07:40: npm error enoent Could not read package.json: Error: ENOENT: no such file or directory, open '/mnt/frontend/package.json'
2025-05-23 00:07:40: npm error enoent This is related to npm not being able to find a file.
2025-05-23 00:07:40: npm error enoent
2025-05-23 00:07:40: npm error A complete log of this run can be found in: /root/.npm/_logs/2025-05-22T16_07_40_404Z-debug-0.log
2025-05-23 00:07:43: npm error code ENOENT
2025-05-23 00:07:43: npm error syscall open
2025-05-23 00:07:43: npm error path /mnt/frontend/package.json
2025-05-23 00:07:43: npm error errno -2
2025-05-23 00:07:43: npm error enoent Could not read package.json: Error: ENOENT: no such file or directory, open '/mnt/frontend/package.json'
2025-05-23 00:07:43: npm error enoent This is related to npm not being able to find a file.
2025-05-23 00:07:43: npm error enoent
2025-05-23 00:07:43: npm error A complete log of this run can be found in: /root/.npm/_logs/2025-05-22T16_07_43_556Z-debug-0.log
2025-05-23 00:07:46: npm error code ENOENT
2025-05-23 00:07:46: npm error syscall open
2025-05-23 00:07:46: npm error path /mnt/frontend/package.json
2025-05-23 00:07:46: npm error errno -2
2025-05-23 00:07:46: npm error enoent Could not read package.json: Error: ENOENT: no such file or directory, open '/mnt/frontend/package.json'
2025-05-23 00:07:46: npm error enoent This is related to npm not being able to find a file.
2025-05-23 00:07:46: npm error enoent
2025-05-23 00:07:46: npm error A complete log of this run can be found in: /root/.npm/_logs/2025-05-22T16_07_46_711Z-debug-0.log
2025-05-23 00:07:49: npm error code ENOENT
2025-05-23 00:07:49: npm error syscall open
2025-05-23 00:07:49: npm error path /mnt/frontend/package.json
2025-05-23 00:07:49: npm error errno -2
2025-05-23 00:07:49: npm error enoent Could not read package.json: Error: ENOENT: no such file or directory, open '/mnt/frontend/package.json'
2025-05-23 00:07:49: npm error enoent This is related to npm not being able to find a file.
2025-05-23 00:07:49: npm error enoent
2025-05-23 00:07:49: npm error A complete log of this run can be found in: /root/.npm/_logs/2025-05-22T16_07_49_863Z-debug-0.log
2025-05-23 00:07:53: npm error code ENOENT
2025-05-23 00:07:53: npm error syscall open
2025-05-23 00:07:53: npm error path /mnt/frontend/package.json
2025-05-23 00:07:53: npm error errno -2
2025-05-23 00:07:53: npm error enoent Could not read package.json: Error: ENOENT: no such file or directory, open '/mnt/frontend/package.json'
2025-05-23 00:07:53: npm error enoent This is related to npm not being able to find a file.
2025-05-23 00:07:53: npm error enoent
2025-05-23 00:07:53: npm error A complete log of this run can be found in: /root/.npm/_logs/2025-05-22T16_07_53_016Z-debug-0.log
2025-05-23 00:07:56: npm error code ENOENT
2025-05-23 00:07:56: npm error syscall open
2025-05-23 00:07:56: npm error path /mnt/frontend/package.json
2025-05-23 00:07:56: npm error errno -2
2025-05-23 00:07:56: npm error enoent Could not read package.json: Error: ENOENT: no such file or directory, open '/mnt/frontend/package.json'
2025-05-23 00:07:56: npm error enoent This is related to npm not being able to find a file.
2025-05-23 00:07:56: npm error enoent
2025-05-23 00:07:56: npm error A complete log of this run can be found in: /root/.npm/_logs/2025-05-22T16_07_56_168Z-debug-0.log
2025-05-23 00:07:59: npm error code ENOENT
2025-05-23 00:07:59: npm error syscall open
2025-05-23 00:07:59: npm error path /mnt/frontend/package.json
2025-05-23 00:07:59: npm error errno -2
2025-05-23 00:07:59: npm error enoent Could not read package.json: Error: ENOENT: no such file or directory, open '/mnt/frontend/package.json'
2025-05-23 00:07:59: npm error enoent This is related to npm not being able to find a file.
2025-05-23 00:07:59: npm error enoent
2025-05-23 00:07:59: npm error A complete log of this run can be found in: /root/.npm/_logs/2025-05-22T16_07_59_320Z-debug-0.log
2025-05-23 00:08:02: npm error code ENOENT
2025-05-23 00:08:02: npm error syscall open
2025-05-23 00:08:02: npm error path /mnt/frontend/package.json
2025-05-23 00:08:02: npm error errno -2
2025-05-23 00:08:02: npm error enoent Could not read package.json: Error: ENOENT: no such file or directory, open '/mnt/frontend/package.json'
2025-05-23 00:08:02: npm error enoent This is related to npm not being able to find a file.
2025-05-23 00:08:02: npm error enoent
2025-05-23 00:08:02: npm error A complete log of this run can be found in: /root/.npm/_logs/2025-05-22T16_08_02_473Z-debug-0.log
2025-05-23 00:08:05: npm error code ENOENT
2025-05-23 00:08:05: npm error syscall open
2025-05-23 00:08:05: npm error path /mnt/frontend/package.json
2025-05-23 00:08:05: npm error errno -2
2025-05-23 00:08:05: npm error enoent Could not read package.json: Error: ENOENT: no such file or directory, open '/mnt/frontend/package.json'
2025-05-23 00:08:05: npm error enoent This is related to npm not being able to find a file.
2025-05-23 00:08:05: npm error enoent
2025-05-23 00:08:05: npm error A complete log of this run can be found in: /root/.npm/_logs/2025-05-22T16_08_05_623Z-debug-0.log
2025-05-23 00:08:08: npm error code ENOENT
2025-05-23 00:08:08: npm error syscall open
2025-05-23 00:08:08: npm error path /mnt/frontend/package.json
2025-05-23 00:08:08: npm error errno -2
2025-05-23 00:08:08: npm error enoent Could not read package.json: Error: ENOENT: no such file or directory, open '/mnt/frontend/package.json'
2025-05-23 00:08:08: npm error enoent This is related to npm not being able to find a file.
2025-05-23 00:08:08: npm error enoent
2025-05-23 00:08:08: npm error A complete log of this run can be found in: /root/.npm/_logs/2025-05-22T16_08_08_777Z-debug-0.log
2025-05-23 00:08:11: npm error code ENOENT
2025-05-23 00:08:11: npm error syscall open
2025-05-23 00:08:11: npm error path /mnt/frontend/package.json
2025-05-23 00:08:11: npm error errno -2
2025-05-23 00:08:11: npm error enoent Could not read package.json: Error: ENOENT: no such file or directory, open '/mnt/frontend/package.json'
2025-05-23 00:08:11: npm error enoent This is related to npm not being able to find a file.
2025-05-23 00:08:11: npm error enoent
2025-05-23 00:08:11: npm error A complete log of this run can be found in: /root/.npm/_logs/2025-05-22T16_08_11_929Z-debug-0.log
2025-05-23 00:08:15: npm error code ENOENT
2025-05-23 00:08:15: npm error syscall open
2025-05-23 00:08:15: npm error path /mnt/frontend/package.json
2025-05-23 00:08:15: npm error errno -2
2025-05-23 00:08:15: npm error enoent Could not read package.json: Error: ENOENT: no such file or directory, open '/mnt/frontend/package.json'
2025-05-23 00:08:15: npm error enoent This is related to npm not being able to find a file.
2025-05-23 00:08:15: npm error enoent
2025-05-23 00:08:15: npm error A complete log of this run can be found in: /root/.npm/_logs/2025-05-22T16_08_15_083Z-debug-0.log
2025-05-23 00:08:18: npm error code ENOENT
2025-05-23 00:08:18: npm error syscall open
2025-05-23 00:08:18: npm error path /mnt/frontend/package.json
2025-05-23 00:08:18: npm error errno -2
2025-05-23 00:08:18: npm error enoent Could not read package.json: Error: ENOENT: no such file or directory, open '/mnt/frontend/package.json'
2025-05-23 00:08:18: npm error enoent This is related to npm not being able to find a file.
2025-05-23 00:08:18: npm error enoent
2025-05-23 00:08:18: npm error A complete log of this run can be found in: /root/.npm/_logs/2025-05-22T16_08_18_236Z-debug-0.log
2025-05-23 00:08:21: npm error code ENOENT
2025-05-23 00:08:21: npm error syscall open
2025-05-23 00:08:21: npm error path /mnt/frontend/package.json
2025-05-23 00:08:21: npm error errno -2
2025-05-23 00:08:21: npm error enoent Could not read package.json: Error: ENOENT: no such file or directory, open '/mnt/frontend/package.json'
2025-05-23 00:08:21: npm error enoent This is related to npm not being able to find a file.
2025-05-23 00:08:21: npm error enoent
2025-05-23 00:08:21: npm error A complete log of this run can be found in: /root/.npm/_logs/2025-05-22T16_08_21_388Z-debug-0.log
2025-05-23 00:08:24: npm error code ENOENT
2025-05-23 00:08:24: npm error syscall open
2025-05-23 00:08:24: npm error path /mnt/frontend/package.json
2025-05-23 00:08:24: npm error errno -2
2025-05-23 00:08:24: npm error enoent Could not read package.json: Error: ENOENT: no such file or directory, open '/mnt/frontend/package.json'
2025-05-23 00:08:24: npm error enoent This is related to npm not being able to find a file.
2025-05-23 00:08:24: npm error enoent
2025-05-23 00:08:24: npm error A complete log of this run can be found in: /root/.npm/_logs/2025-05-22T16_08_24_541Z-debug-0.log
2025-05-23 00:08:27: npm error code ENOENT
2025-05-23 00:08:27: npm error syscall open
2025-05-23 00:08:27: npm error path /mnt/frontend/package.json
2025-05-23 00:08:27: npm error errno -2
2025-05-23 00:08:27: npm error enoent Could not read package.json: Error: ENOENT: no such file or directory, open '/mnt/frontend/package.json'
2025-05-23 00:08:27: npm error enoent This is related to npm not being able to find a file.
2025-05-23 00:08:27: npm error enoent
2025-05-23 00:08:27: npm error A complete log of this run can be found in: /root/.npm/_logs/2025-05-22T16_08_27_691Z-debug-0.log
2025-05-23 00:08:30: npm error code ENOENT
2025-05-23 00:08:30: npm error syscall open
2025-05-23 00:08:30: npm error path /mnt/frontend/package.json
2025-05-23 00:08:30: npm error errno -2
2025-05-23 00:08:30: npm error enoent Could not read package.json: Error: ENOENT: no such file or directory, open '/mnt/frontend/package.json'
2025-05-23 00:08:30: npm error enoent This is related to npm not being able to find a file.
2025-05-23 00:08:30: npm error enoent
2025-05-23 00:08:30: npm error A complete log of this run can be found in: /root/.npm/_logs/2025-05-22T16_08_30_842Z-debug-0.log
2025-05-23 00:08:34: npm error code ENOENT
2025-05-23 00:08:34: npm error syscall open
2025-05-23 00:08:34: npm error path /mnt/frontend/package.json
2025-05-23 00:08:34: npm error errno -2
2025-05-23 00:08:34: npm error enoent Could not read package.json: Error: ENOENT: no such file or directory, open '/mnt/frontend/package.json'
2025-05-23 00:08:34: npm error enoent This is related to npm not being able to find a file.
2025-05-23 00:08:34: npm error enoent
2025-05-23 00:08:34: npm error A complete log of this run can be found in: /root/.npm/_logs/2025-05-22T16_08_33_992Z-debug-0.log
2025-05-23 00:08:37: npm error code ENOENT
2025-05-23 00:08:37: npm error syscall open
2025-05-23 00:08:37: npm error path /mnt/frontend/package.json
2025-05-23 00:08:37: npm error errno -2
2025-05-23 00:08:37: npm error enoent Could not read package.json: Error: ENOENT: no such file or directory, open '/mnt/frontend/package.json'
2025-05-23 00:08:37: npm error enoent This is related to npm not being able to find a file.
2025-05-23 00:08:37: npm error enoent
2025-05-23 00:08:37: npm error A complete log of this run can be found in: /root/.npm/_logs/2025-05-22T16_08_37_144Z-debug-0.log
2025-05-23 00:08:40: npm error code ENOENT
2025-05-23 00:08:40: npm error syscall open
2025-05-23 00:08:40: npm error path /mnt/frontend/package.json
2025-05-23 00:08:40: npm error errno -2
2025-05-23 00:08:40: npm error enoent Could not read package.json: Error: ENOENT: no such file or directory, open '/mnt/frontend/package.json'
2025-05-23 00:08:40: npm error enoent This is related to npm not being able to find a file.
2025-05-23 00:08:40: npm error enoent
2025-05-23 00:08:40: npm error A complete log of this run can be found in: /root/.npm/_logs/2025-05-22T16_08_40_294Z-debug-0.log
2025-05-23 00:08:43: npm error code ENOENT
2025-05-23 00:08:43: npm error syscall open
2025-05-23 00:08:43: npm error path /mnt/frontend/package.json
2025-05-23 00:08:43: npm error errno -2
2025-05-23 00:08:43: npm error enoent Could not read package.json: Error: ENOENT: no such file or directory, open '/mnt/frontend/package.json'
2025-05-23 00:08:43: npm error enoent This is related to npm not being able to find a file.
2025-05-23 00:08:43: npm error enoent
2025-05-23 00:08:43: npm error A complete log of this run can be found in: /root/.npm/_logs/2025-05-22T16_08_43_446Z-debug-0.log
2025-05-23 00:08:46: npm error code ENOENT
2025-05-23 00:08:46: npm error syscall open
2025-05-23 00:08:46: npm error path /mnt/frontend/package.json
2025-05-23 00:08:46: npm error errno -2
2025-05-23 00:08:46: npm error enoent Could not read package.json: Error: ENOENT: no such file or directory, open '/mnt/frontend/package.json'
2025-05-23 00:08:46: npm error enoent This is related to npm not being able to find a file.
2025-05-23 00:08:46: npm error enoent
2025-05-23 00:08:46: npm error A complete log of this run can be found in: /root/.npm/_logs/2025-05-22T16_08_46_601Z-debug-0.log
2025-05-23 00:08:49: npm error code ENOENT
2025-05-23 00:08:49: npm error syscall open
2025-05-23 00:08:49: npm error path /mnt/frontend/package.json
2025-05-23 00:08:49: npm error errno -2
2025-05-23 00:08:49: npm error enoent Could not read package.json: Error: ENOENT: no such file or directory, open '/mnt/frontend/package.json'
2025-05-23 00:08:49: npm error enoent This is related to npm not being able to find a file.
2025-05-23 00:08:49: npm error enoent
2025-05-23 00:08:49: npm error A complete log of this run can be found in: /root/.npm/_logs/2025-05-22T16_08_49_753Z-debug-0.log
2025-05-23 00:08:52: npm error code ENOENT
2025-05-23 00:08:52: npm error syscall open
2025-05-23 00:08:52: npm error path /mnt/frontend/package.json
2025-05-23 00:08:52: npm error errno -2
2025-05-23 00:08:52: npm error enoent Could not read package.json: Error: ENOENT: no such file or directory, open '/mnt/frontend/package.json'
2025-05-23 00:08:52: npm error enoent This is related to npm not being able to find a file.
2025-05-23 00:08:52: npm error enoent
2025-05-23 00:08:52: npm error A complete log of this run can be found in: /root/.npm/_logs/2025-05-22T16_08_52_908Z-debug-0.log
2025-05-23 00:08:56: npm error code ENOENT
2025-05-23 00:08:56: npm error syscall open
2025-05-23 00:08:56: npm error path /mnt/frontend/package.json
2025-05-23 00:08:56: npm error errno -2
2025-05-23 00:08:56: npm error enoent Could not read package.json: Error: ENOENT: no such file or directory, open '/mnt/frontend/package.json'
2025-05-23 00:08:56: npm error enoent This is related to npm not being able to find a file.
2025-05-23 00:08:56: npm error enoent
2025-05-23 00:08:56: npm error A complete log of this run can be found in: /root/.npm/_logs/2025-05-22T16_08_56_059Z-debug-0.log
2025-05-23 00:08:59: npm error code ENOENT
2025-05-23 00:08:59: npm error syscall open
2025-05-23 00:08:59: npm error path /mnt/frontend/package.json
2025-05-23 00:08:59: npm error errno -2
2025-05-23 00:08:59: npm error enoent Could not read package.json: Error: ENOENT: no such file or directory, open '/mnt/frontend/package.json'
2025-05-23 00:08:59: npm error enoent This is related to npm not being able to find a file.
2025-05-23 00:08:59: npm error enoent
2025-05-23 00:08:59: npm error A complete log of this run can be found in: /root/.npm/_logs/2025-05-22T16_08_59_211Z-debug-0.log
2025-05-23 00:09:02: npm error code ENOENT
2025-05-23 00:09:02: npm error syscall open
2025-05-23 00:09:02: npm error path /mnt/frontend/package.json
2025-05-23 00:09:02: npm error errno -2
2025-05-23 00:09:02: npm error enoent Could not read package.json: Error: ENOENT: no such file or directory, open '/mnt/frontend/package.json'
2025-05-23 00:09:02: npm error enoent This is related to npm not being able to find a file.
2025-05-23 00:09:02: npm error enoent
2025-05-23 00:09:02: npm error A complete log of this run can be found in: /root/.npm/_logs/2025-05-22T16_09_02_363Z-debug-0.log
2025-05-23 00:09:05: npm error code ENOENT
2025-05-23 00:09:05: npm error syscall open
2025-05-23 00:09:05: npm error path /mnt/frontend/package.json
2025-05-23 00:09:05: npm error errno -2
2025-05-23 00:09:05: npm error enoent Could not read package.json: Error: ENOENT: no such file or directory, open '/mnt/frontend/package.json'
2025-05-23 00:09:05: npm error enoent This is related to npm not being able to find a file.
2025-05-23 00:09:05: npm error enoent
2025-05-23 00:09:05: npm error A complete log of this run can be found in: /root/.npm/_logs/2025-05-22T16_09_05_512Z-debug-0.log
2025-05-23 00:09:08: npm error code ENOENT
2025-05-23 00:09:08: npm error syscall open
2025-05-23 00:09:08: npm error path /mnt/frontend/package.json
2025-05-23 00:09:08: npm error errno -2
2025-05-23 00:09:08: npm error enoent Could not read package.json: Error: ENOENT: no such file or directory, open '/mnt/frontend/package.json'
2025-05-23 00:09:08: npm error enoent This is related to npm not being able to find a file.
2025-05-23 00:09:08: npm error enoent
2025-05-23 00:09:08: npm error A complete log of this run can be found in: /root/.npm/_logs/2025-05-22T16_09_08_664Z-debug-0.log
2025-05-23 00:09:11: npm error code ENOENT
2025-05-23 00:09:11: npm error syscall open
2025-05-23 00:09:11: npm error path /mnt/frontend/package.json
2025-05-23 00:09:11: npm error errno -2
2025-05-23 00:09:11: npm error enoent Could not read package.json: Error: ENOENT: no such file or directory, open '/mnt/frontend/package.json'
2025-05-23 00:09:11: npm error enoent This is related to npm not being able to find a file.
2025-05-23 00:09:11: npm error enoent
2025-05-23 00:09:11: npm error A complete log of this run can be found in: /root/.npm/_logs/2025-05-22T16_09_11_814Z-debug-0.log
2025-05-23 00:10:07: npm error code ENOENT
2025-05-23 00:10:07: npm error syscall open
2025-05-23 00:10:07: npm error path /mnt/frontend/package.json
2025-05-23 00:10:07: npm error errno -2
2025-05-23 00:10:07: npm error enoent Could not read package.json: Error: ENOENT: no such file or directory, open '/mnt/frontend/package.json'
2025-05-23 00:10:07: npm error enoent This is related to npm not being able to find a file.
2025-05-23 00:10:07: npm error enoent
2025-05-23 00:10:07: npm error A complete log of this run can be found in: /root/.npm/_logs/2025-05-22T16_10_07_515Z-debug-0.log
2025-05-23 00:10:10: npm error code ENOENT
2025-05-23 00:10:10: npm error syscall open
2025-05-23 00:10:10: npm error path /mnt/frontend/package.json
2025-05-23 00:10:10: npm error errno -2
2025-05-23 00:10:10: npm error enoent Could not read package.json: Error: ENOENT: no such file or directory, open '/mnt/frontend/package.json'
2025-05-23 00:10:10: npm error enoent This is related to npm not being able to find a file.
2025-05-23 00:10:10: npm error enoent
2025-05-23 00:10:10: npm error A complete log of this run can be found in: /root/.npm/_logs/2025-05-22T16_10_10_669Z-debug-0.log
2025-05-23 00:10:13: npm error code ENOENT
2025-05-23 00:10:13: npm error syscall open
2025-05-23 00:10:13: npm error path /mnt/frontend/package.json
2025-05-23 00:10:13: npm error errno -2
2025-05-23 00:10:13: npm error enoent Could not read package.json: Error: ENOENT: no such file or directory, open '/mnt/frontend/package.json'
2025-05-23 00:10:13: npm error enoent This is related to npm not being able to find a file.
2025-05-23 00:10:13: npm error enoent
2025-05-23 00:10:13: npm error A complete log of this run can be found in: /root/.npm/_logs/2025-05-22T16_10_13_821Z-debug-0.log
2025-05-23 00:10:17: npm error code ENOENT
2025-05-23 00:10:17: npm error syscall open
2025-05-23 00:10:17: npm error path /mnt/frontend/package.json
2025-05-23 00:10:17: npm error errno -2
2025-05-23 00:10:17: npm error enoent Could not read package.json: Error: ENOENT: no such file or directory, open '/mnt/frontend/package.json'
2025-05-23 00:10:17: npm error enoent This is related to npm not being able to find a file.
2025-05-23 00:10:17: npm error enoent
2025-05-23 00:10:17: npm error A complete log of this run can be found in: /root/.npm/_logs/2025-05-22T16_10_16_971Z-debug-0.log
2025-05-23 00:10:20: npm error code ENOENT
2025-05-23 00:10:20: npm error syscall open
2025-05-23 00:10:20: npm error path /mnt/frontend/package.json
2025-05-23 00:10:20: npm error errno -2
2025-05-23 00:10:20: npm error enoent Could not read package.json: Error: ENOENT: no such file or directory, open '/mnt/frontend/package.json'
2025-05-23 00:10:20: npm error enoent This is related to npm not being able to find a file.
2025-05-23 00:10:20: npm error enoent
2025-05-23 00:10:20: npm error A complete log of this run can be found in: /root/.npm/_logs/2025-05-22T16_10_20_123Z-debug-0.log
2025-05-23 00:10:23: npm error code ENOENT
2025-05-23 00:10:23: npm error syscall open
2025-05-23 00:10:23: npm error path /mnt/frontend/package.json
2025-05-23 00:10:23: npm error errno -2
2025-05-23 00:10:23: npm error enoent Could not read package.json: Error: ENOENT: no such file or directory, open '/mnt/frontend/package.json'
2025-05-23 00:10:23: npm error enoent This is related to npm not being able to find a file.
2025-05-23 00:10:23: npm error enoent
2025-05-23 00:10:23: npm error A complete log of this run can be found in: /root/.npm/_logs/2025-05-22T16_10_23_273Z-debug-0.log
2025-05-23 00:10:26: npm error code ENOENT
2025-05-23 00:10:26: npm error syscall open
2025-05-23 00:10:26: npm error path /mnt/frontend/package.json
2025-05-23 00:10:26: npm error errno -2
2025-05-23 00:10:26: npm error enoent Could not read package.json: Error: ENOENT: no such file or directory, open '/mnt/frontend/package.json'
2025-05-23 00:10:26: npm error enoent This is related to npm not being able to find a file.
2025-05-23 00:10:26: npm error enoent
2025-05-23 00:10:26: npm error A complete log of this run can be found in: /root/.npm/_logs/2025-05-22T16_10_26_427Z-debug-0.log
2025-05-23 00:10:29: npm error code ENOENT
2025-05-23 00:10:29: npm error syscall open
2025-05-23 00:10:29: npm error path /mnt/frontend/package.json
2025-05-23 00:10:29: npm error errno -2
2025-05-23 00:10:29: npm error enoent Could not read package.json: Error: ENOENT: no such file or directory, open '/mnt/frontend/package.json'
2025-05-23 00:10:29: npm error enoent This is related to npm not being able to find a file.
2025-05-23 00:10:29: npm error enoent
2025-05-23 00:10:29: npm error A complete log of this run can be found in: /root/.npm/_logs/2025-05-22T16_10_29_578Z-debug-0.log
2025-05-23 00:10:32: npm error code ENOENT
2025-05-23 00:10:32: npm error syscall open
2025-05-23 00:10:32: npm error path /mnt/frontend/package.json
2025-05-23 00:10:32: npm error errno -2
2025-05-23 00:10:32: npm error enoent Could not read package.json: Error: ENOENT: no such file or directory, open '/mnt/frontend/package.json'
2025-05-23 00:10:32: npm error enoent This is related to npm not being able to find a file.
2025-05-23 00:10:32: npm error enoent
2025-05-23 00:10:32: npm error A complete log of this run can be found in: /root/.npm/_logs/2025-05-22T16_10_32_731Z-debug-0.log
2025-05-23 00:10:35: npm error code ENOENT
2025-05-23 00:10:35: npm error syscall open
2025-05-23 00:10:35: npm error path /mnt/frontend/package.json
2025-05-23 00:10:35: npm error errno -2
2025-05-23 00:10:35: npm error enoent Could not read package.json: Error: ENOENT: no such file or directory, open '/mnt/frontend/package.json'
2025-05-23 00:10:35: npm error enoent This is related to npm not being able to find a file.
2025-05-23 00:10:35: npm error enoent
2025-05-23 00:10:35: npm error A complete log of this run can be found in: /root/.npm/_logs/2025-05-22T16_10_35_883Z-debug-0.log
2025-05-23 00:10:39: npm error code ENOENT
2025-05-23 00:10:39: npm error syscall open
2025-05-23 00:10:39: npm error path /mnt/frontend/package.json
2025-05-23 00:10:39: npm error errno -2
2025-05-23 00:10:39: npm error enoent Could not read package.json: Error: ENOENT: no such file or directory, open '/mnt/frontend/package.json'
2025-05-23 00:10:39: npm error enoent This is related to npm not being able to find a file.
2025-05-23 00:10:39: npm error enoent
2025-05-23 00:10:39: npm error A complete log of this run can be found in: /root/.npm/_logs/2025-05-22T16_10_39_036Z-debug-0.log
2025-05-23 00:10:42: npm error code ENOENT
2025-05-23 00:10:42: npm error syscall open
2025-05-23 00:10:42: npm error path /mnt/frontend/package.json
2025-05-23 00:10:42: npm error errno -2
2025-05-23 00:10:42: npm error enoent Could not read package.json: Error: ENOENT: no such file or directory, open '/mnt/frontend/package.json'
2025-05-23 00:10:42: npm error enoent This is related to npm not being able to find a file.
2025-05-23 00:10:42: npm error enoent
2025-05-23 00:10:42: npm error A complete log of this run can be found in: /root/.npm/_logs/2025-05-22T16_10_42_188Z-debug-0.log
2025-05-23 00:10:45: npm error code ENOENT
2025-05-23 00:10:45: npm error syscall open
2025-05-23 00:10:45: npm error path /mnt/frontend/package.json
2025-05-23 00:10:45: npm error errno -2
2025-05-23 00:10:45: npm error enoent Could not read package.json: Error: ENOENT: no such file or directory, open '/mnt/frontend/package.json'
2025-05-23 00:10:45: npm error enoent This is related to npm not being able to find a file.
2025-05-23 00:10:45: npm error enoent
2025-05-23 00:10:45: npm error A complete log of this run can be found in: /root/.npm/_logs/2025-05-22T16_10_45_342Z-debug-0.log
2025-05-23 00:10:48: npm error code ENOENT
2025-05-23 00:10:48: npm error syscall open
2025-05-23 00:10:48: npm error path /mnt/frontend/package.json
2025-05-23 00:10:48: npm error errno -2
2025-05-23 00:10:48: npm error enoent Could not read package.json: Error: ENOENT: no such file or directory, open '/mnt/frontend/package.json'
2025-05-23 00:10:48: npm error enoent This is related to npm not being able to find a file.
2025-05-23 00:10:48: npm error enoent
2025-05-23 00:10:48: npm error A complete log of this run can be found in: /root/.npm/_logs/2025-05-22T16_10_48_494Z-debug-0.log
2025-05-23 00:10:51: npm error code ENOENT
2025-05-23 00:10:51: npm error syscall open
2025-05-23 00:10:51: npm error path /mnt/frontend/package.json
2025-05-23 00:10:51: npm error errno -2
2025-05-23 00:10:51: npm error enoent Could not read package.json: Error: ENOENT: no such file or directory, open '/mnt/frontend/package.json'
2025-05-23 00:10:51: npm error enoent This is related to npm not being able to find a file.
2025-05-23 00:10:51: npm error enoent
2025-05-23 00:10:51: npm error A complete log of this run can be found in: /root/.npm/_logs/2025-05-22T16_10_51_647Z-debug-0.log
2025-05-23 00:10:54: npm error code ENOENT
2025-05-23 00:10:54: npm error syscall open
2025-05-23 00:10:54: npm error path /mnt/frontend/package.json
2025-05-23 00:10:54: npm error errno -2
2025-05-23 00:10:54: npm error enoent Could not read package.json: Error: ENOENT: no such file or directory, open '/mnt/frontend/package.json'
2025-05-23 00:10:54: npm error enoent This is related to npm not being able to find a file.
2025-05-23 00:10:54: npm error enoent
2025-05-23 00:10:54: npm error A complete log of this run can be found in: /root/.npm/_logs/2025-05-22T16_10_54_801Z-debug-0.log
2025-05-23 00:10:57: npm error code ENOENT
2025-05-23 00:10:57: npm error syscall open
2025-05-23 00:10:57: npm error path /mnt/frontend/package.json
2025-05-23 00:10:57: npm error errno -2
2025-05-23 00:10:57: npm error enoent Could not read package.json: Error: ENOENT: no such file or directory, open '/mnt/frontend/package.json'
2025-05-23 00:10:57: npm error enoent This is related to npm not being able to find a file.
2025-05-23 00:10:57: npm error enoent
2025-05-23 00:10:57: npm error A complete log of this run can be found in: /root/.npm/_logs/2025-05-22T16_10_57_953Z-debug-0.log
2025-05-23 00:11:01: npm error code ENOENT
2025-05-23 00:11:01: npm error syscall open
2025-05-23 00:11:01: npm error path /mnt/frontend/package.json
2025-05-23 00:11:01: npm error errno -2
2025-05-23 00:11:01: npm error enoent Could not read package.json: Error: ENOENT: no such file or directory, open '/mnt/frontend/package.json'
2025-05-23 00:11:01: npm error enoent This is related to npm not being able to find a file.
2025-05-23 00:11:01: npm error enoent
2025-05-23 00:11:01: npm error A complete log of this run can be found in: /root/.npm/_logs/2025-05-22T16_11_01_107Z-debug-0.log
2025-05-23 00:11:04: npm error code ENOENT
2025-05-23 00:11:04: npm error syscall open
2025-05-23 00:11:04: npm error path /mnt/frontend/package.json
2025-05-23 00:11:04: npm error errno -2
2025-05-23 00:11:04: npm error enoent Could not read package.json: Error: ENOENT: no such file or directory, open '/mnt/frontend/package.json'
2025-05-23 00:11:04: npm error enoent This is related to npm not being able to find a file.
2025-05-23 00:11:04: npm error enoent
2025-05-23 00:11:04: npm error A complete log of this run can be found in: /root/.npm/_logs/2025-05-22T16_11_04_261Z-debug-0.log
2025-05-23 00:11:07: npm error code ENOENT
2025-05-23 00:11:07: npm error syscall open
2025-05-23 00:11:07: npm error path /mnt/frontend/package.json
2025-05-23 00:11:07: npm error errno -2
2025-05-23 00:11:07: npm error enoent Could not read package.json: Error: ENOENT: no such file or directory, open '/mnt/frontend/package.json'
2025-05-23 00:11:07: npm error enoent This is related to npm not being able to find a file.
2025-05-23 00:11:07: npm error enoent
2025-05-23 00:11:07: npm error A complete log of this run can be found in: /root/.npm/_logs/2025-05-22T16_11_07_415Z-debug-0.log
2025-05-23 00:11:10: npm error code ENOENT
2025-05-23 00:11:10: npm error syscall open
2025-05-23 00:11:10: npm error path /mnt/frontend/package.json
2025-05-23 00:11:10: npm error errno -2
2025-05-23 00:11:10: npm error enoent Could not read package.json: Error: ENOENT: no such file or directory, open '/mnt/frontend/package.json'
2025-05-23 00:11:10: npm error enoent This is related to npm not being able to find a file.
2025-05-23 00:11:10: npm error enoent
2025-05-23 00:11:10: npm error A complete log of this run can be found in: /root/.npm/_logs/2025-05-22T16_11_10_567Z-debug-0.log
2025-05-23 00:11:13: npm error code ENOENT
2025-05-23 00:11:13: npm error syscall open
2025-05-23 00:11:13: npm error path /mnt/frontend/package.json
2025-05-23 00:11:13: npm error errno -2
2025-05-23 00:11:13: npm error enoent Could not read package.json: Error: ENOENT: no such file or directory, open '/mnt/frontend/package.json'
2025-05-23 00:11:13: npm error enoent This is related to npm not being able to find a file.
2025-05-23 00:11:13: npm error enoent
2025-05-23 00:11:13: npm error A complete log of this run can be found in: /root/.npm/_logs/2025-05-22T16_11_13_718Z-debug-0.log
2025-05-23 00:11:16: npm error code ENOENT
2025-05-23 00:11:16: npm error syscall open
2025-05-23 00:11:16: npm error path /mnt/frontend/package.json
2025-05-23 00:11:16: npm error errno -2
2025-05-23 00:11:16: npm error enoent Could not read package.json: Error: ENOENT: no such file or directory, open '/mnt/frontend/package.json'
2025-05-23 00:11:16: npm error enoent This is related to npm not being able to find a file.
2025-05-23 00:11:16: npm error enoent
2025-05-23 00:11:16: npm error A complete log of this run can be found in: /root/.npm/_logs/2025-05-22T16_11_16_870Z-debug-0.log
2025-05-23 00:11:20: npm error code ENOENT
2025-05-23 00:11:20: npm error syscall open
2025-05-23 00:11:20: npm error path /mnt/frontend/package.json
2025-05-23 00:11:20: npm error errno -2
2025-05-23 00:11:20: npm error enoent Could not read package.json: Error: ENOENT: no such file or directory, open '/mnt/frontend/package.json'
2025-05-23 00:11:20: npm error enoent This is related to npm not being able to find a file.
2025-05-23 00:11:20: npm error enoent
2025-05-23 00:11:20: npm error A complete log of this run can be found in: /root/.npm/_logs/2025-05-22T16_11_20_020Z-debug-0.log
2025-05-23 00:11:23: npm error code ENOENT
2025-05-23 00:11:23: npm error syscall open
2025-05-23 00:11:23: npm error path /mnt/frontend/package.json
2025-05-23 00:11:23: npm error errno -2
2025-05-23 00:11:23: npm error enoent Could not read package.json: Error: ENOENT: no such file or directory, open '/mnt/frontend/package.json'
2025-05-23 00:11:23: npm error enoent This is related to npm not being able to find a file.
2025-05-23 00:11:23: npm error enoent
2025-05-23 00:11:23: npm error A complete log of this run can be found in: /root/.npm/_logs/2025-05-22T16_11_23_171Z-debug-0.log
2025-05-23 00:11:26: npm error code ENOENT
2025-05-23 00:11:26: npm error syscall open
2025-05-23 00:11:26: npm error path /mnt/frontend/package.json
2025-05-23 00:11:26: npm error errno -2
2025-05-23 00:11:26: npm error enoent Could not read package.json: Error: ENOENT: no such file or directory, open '/mnt/frontend/package.json'
2025-05-23 00:11:26: npm error enoent This is related to npm not being able to find a file.
2025-05-23 00:11:26: npm error enoent
2025-05-23 00:11:26: npm error A complete log of this run can be found in: /root/.npm/_logs/2025-05-22T16_11_26_324Z-debug-0.log
2025-05-23 00:11:29: npm error code ENOENT
2025-05-23 00:11:29: npm error syscall open
2025-05-23 00:11:29: npm error path /mnt/frontend/package.json
2025-05-23 00:11:29: npm error errno -2
2025-05-23 00:11:29: npm error enoent Could not read package.json: Error: ENOENT: no such file or directory, open '/mnt/frontend/package.json'
2025-05-23 00:11:29: npm error enoent This is related to npm not being able to find a file.
2025-05-23 00:11:29: npm error enoent
2025-05-23 00:11:29: npm error A complete log of this run can be found in: /root/.npm/_logs/2025-05-22T16_11_29_474Z-debug-0.log
2025-05-23 00:11:32: npm error code ENOENT
2025-05-23 00:11:32: npm error syscall open
2025-05-23 00:11:32: npm error path /mnt/frontend/package.json
2025-05-23 00:11:32: npm error errno -2
2025-05-23 00:11:32: npm error enoent Could not read package.json: Error: ENOENT: no such file or directory, open '/mnt/frontend/package.json'
2025-05-23 00:11:32: npm error enoent This is related to npm not being able to find a file.
2025-05-23 00:11:32: npm error enoent
2025-05-23 00:11:32: npm error A complete log of this run can be found in: /root/.npm/_logs/2025-05-22T16_11_32_625Z-debug-0.log
