2025-05-23 00:11:35: 
2025-05-23 00:11:35: > frontend-new@0.0.0 dev
2025-05-23 00:11:35: > vite
2025-05-23 00:11:35: 
2025-05-23 00:11:35: 12:11:35 AM [vite] (client) Re-optimizing dependencies because vite config has changed
2025-05-23 00:11:35: 
2025-05-23 00:11:35:   VITE v6.2.0  ready in 168 ms
2025-05-23 00:11:35: 
2025-05-23 00:11:35:   ➜  Local:   http://localhost:5173/
2025-05-23 00:11:35:   ➜  Network: http://172.16.200.109:5173/
2025-05-23 00:12:33: 
2025-05-23 00:12:33: > frontend-new@0.0.0 dev
2025-05-23 00:12:33: > vite
2025-05-23 00:12:33: 
2025-05-23 00:12:34: 
2025-05-23 00:12:34:   VITE v6.2.0  ready in 135 ms
2025-05-23 00:12:34: 
2025-05-23 00:12:34:   ➜  Local:   http://localhost:5173/
2025-05-23 00:12:34:   ➜  Network: http://172.16.200.109:5173/
2025-05-23 00:14:41: 
2025-05-23 00:14:41: > frontend-new@0.0.0 dev
2025-05-23 00:14:41: > vite
2025-05-23 00:14:41: 
2025-05-23 00:14:42: 
2025-05-23 00:14:42:   VITE v6.2.0  ready in 136 ms
2025-05-23 00:14:42: 
2025-05-23 00:14:42:   ➜  Local:   http://localhost:5173/
2025-05-23 00:14:42:   ➜  Network: http://172.16.200.109:5173/
2025-05-23 00:17:52: 
2025-05-23 00:17:52: > frontend-new@0.0.0 dev
2025-05-23 00:17:52: > vite
2025-05-23 00:17:52: 
2025-05-23 00:17:52: 
2025-05-23 00:17:52:   VITE v6.2.0  ready in 144 ms
2025-05-23 00:17:52: 
2025-05-23 00:17:52:   ➜  Local:   http://localhost:5173/
2025-05-23 00:17:52:   ➜  Network: http://172.16.200.109:5173/
